Traceback (most recent call last):
  File "/home/ankus/projects/projectx/venv/bin/celery", line 8, in <module>
    sys.exit(main())
  File "/home/ankus/projects/projectx/venv/lib/python3.10/site-packages/celery/__main__.py", line 13, in main
    maybe_patch_concurrency()
  File "/home/ankus/projects/projectx/venv/lib/python3.10/site-packages/celery/__init__.py", line 140, in maybe_patch_concurrency
    patcher()
  File "/home/ankus/projects/projectx/venv/lib/python3.10/site-packages/celery/__init__.py", line 101, in _patch_eventlet
    import eventlet.debug
ModuleNotFoundError: No module named 'eventlet'
Traceback (most recent call last):
  File "/home/ankus/projects/projectx/venv/bin/celery", line 8, in <module>
    sys.exit(main())
  File "/home/ankus/projects/projectx/venv/lib/python3.10/site-packages/celery/__main__.py", line 13, in main
    maybe_patch_concurrency()
  File "/home/ankus/projects/projectx/venv/lib/python3.10/site-packages/celery/__init__.py", line 140, in maybe_patch_concurrency
    patcher()
  File "/home/ankus/projects/projectx/venv/lib/python3.10/site-packages/celery/__init__.py", line 101, in _patch_eventlet
    import eventlet.debug
ModuleNotFoundError: No module named 'eventlet'
Traceback (most recent call last):
  File "/home/ankus/projects/projectx/venv/bin/celery", line 8, in <module>
    sys.exit(main())
  File "/home/ankus/projects/projectx/venv/lib/python3.10/site-packages/celery/__main__.py", line 13, in main
    maybe_patch_concurrency()
  File "/home/ankus/projects/projectx/venv/lib/python3.10/site-packages/celery/__init__.py", line 140, in maybe_patch_concurrency
    patcher()
  File "/home/ankus/projects/projectx/venv/lib/python3.10/site-packages/celery/__init__.py", line 101, in _patch_eventlet
    import eventlet.debug
ModuleNotFoundError: No module named 'eventlet'
Traceback (most recent call last):
  File "/home/ankus/projects/projectx/venv/bin/celery", line 8, in <module>
    sys.exit(main())
  File "/home/ankus/projects/projectx/venv/lib/python3.10/site-packages/celery/__main__.py", line 13, in main
    maybe_patch_concurrency()
  File "/home/ankus/projects/projectx/venv/lib/python3.10/site-packages/celery/__init__.py", line 140, in maybe_patch_concurrency
    patcher()
  File "/home/ankus/projects/projectx/venv/lib/python3.10/site-packages/celery/__init__.py", line 101, in _patch_eventlet
    import eventlet.debug
ModuleNotFoundError: No module named 'eventlet'
Traceback (most recent call last):
  File "/home/ankus/projects/projectx/venv/bin/celery", line 8, in <module>
    sys.exit(main())
  File "/home/ankus/projects/projectx/venv/lib/python3.10/site-packages/celery/__main__.py", line 13, in main
    maybe_patch_concurrency()
  File "/home/ankus/projects/projectx/venv/lib/python3.10/site-packages/celery/__init__.py", line 140, in maybe_patch_concurrency
    patcher()
  File "/home/ankus/projects/projectx/venv/lib/python3.10/site-packages/celery/__init__.py", line 101, in _patch_eventlet
    import eventlet.debug
ModuleNotFoundError: No module named 'eventlet'
Traceback (most recent call last):
  File "/home/ankus/projects/projectx/venv/bin/celery", line 8, in <module>
    sys.exit(main())
  File "/home/ankus/projects/projectx/venv/lib/python3.10/site-packages/celery/__main__.py", line 13, in main
    maybe_patch_concurrency()
  File "/home/ankus/projects/projectx/venv/lib/python3.10/site-packages/celery/__init__.py", line 140, in maybe_patch_concurrency
    patcher()
  File "/home/ankus/projects/projectx/venv/lib/python3.10/site-packages/celery/__init__.py", line 101, in _patch_eventlet
    import eventlet.debug
ModuleNotFoundError: No module named 'eventlet'
Traceback (most recent call last):
  File "/home/ankus/projects/projectx/venv/bin/celery", line 8, in <module>
    sys.exit(main())
  File "/home/ankus/projects/projectx/venv/lib/python3.10/site-packages/celery/__main__.py", line 13, in main
    maybe_patch_concurrency()
  File "/home/ankus/projects/projectx/venv/lib/python3.10/site-packages/celery/__init__.py", line 140, in maybe_patch_concurrency
    patcher()
  File "/home/ankus/projects/projectx/venv/lib/python3.10/site-packages/celery/__init__.py", line 101, in _patch_eventlet
    import eventlet.debug
ModuleNotFoundError: No module named 'eventlet'
Traceback (most recent call last):
  File "/home/ankus/projects/projectx/venv/bin/celery", line 8, in <module>
    sys.exit(main())
  File "/home/ankus/projects/projectx/venv/lib/python3.10/site-packages/celery/__main__.py", line 13, in main
    maybe_patch_concurrency()
  File "/home/ankus/projects/projectx/venv/lib/python3.10/site-packages/celery/__init__.py", line 140, in maybe_patch_concurrency
    patcher()
  File "/home/ankus/projects/projectx/venv/lib/python3.10/site-packages/celery/__init__.py", line 101, in _patch_eventlet
    import eventlet.debug
ModuleNotFoundError: No module named 'eventlet'
2 RLock(s) were not greened, to fix this error make sure you run eventlet.monkey_patch() before importing any other modules.
Usage: celery [OPTIONS] COMMAND [ARGS]...
Try 'celery --help' for help.

Error: Invalid value for '-A' / '--app': 
Unable to load celery application.
The module projectx was not found.
2 RLock(s) were not greened, to fix this error make sure you run eventlet.monkey_patch() before importing any other modules.
Usage: celery [OPTIONS] COMMAND [ARGS]...
Try 'celery --help' for help.

Error: Invalid value for '-A' / '--app': 
Unable to load celery application.
The module projectx was not found.
2 RLock(s) were not greened, to fix this error make sure you run eventlet.monkey_patch() before importing any other modules.
Usage: celery [OPTIONS] COMMAND [ARGS]...
Try 'celery --help' for help.

Error: Invalid value for '-A' / '--app': 
Unable to load celery application.
The module projectx was not found.
2 RLock(s) were not greened, to fix this error make sure you run eventlet.monkey_patch() before importing any other modules.
Usage: celery [OPTIONS] COMMAND [ARGS]...
Try 'celery --help' for help.

Error: Invalid value for '-A' / '--app': 
Unable to load celery application.
The module projectx was not found.
2 RLock(s) were not greened, to fix this error make sure you run eventlet.monkey_patch() before importing any other modules.
Traceback (most recent call last):
  File "/home/ankus/projects/projectx/venv/bin/celery", line 8, in <module>
    sys.exit(main())
  File "/home/ankus/projects/projectx/venv/lib/python3.10/site-packages/celery/__main__.py", line 15, in main
    sys.exit(_main())
  File "/home/ankus/projects/projectx/venv/lib/python3.10/site-packages/celery/bin/celery.py", line 236, in main
    return celery(auto_envvar_prefix="CELERY")
  File "/home/ankus/projects/projectx/venv/lib/python3.10/site-packages/click/core.py", line 1157, in __call__
    return self.main(*args, **kwargs)
  File "/home/ankus/projects/projectx/venv/lib/python3.10/site-packages/click/core.py", line 1078, in main
    rv = self.invoke(ctx)
  File "/home/ankus/projects/projectx/venv/lib/python3.10/site-packages/click/core.py", line 1686, in invoke
    sub_ctx = cmd.make_context(cmd_name, args, parent=ctx)
  File "/home/ankus/projects/projectx/venv/lib/python3.10/site-packages/click/core.py", line 943, in make_context
    self.parse_args(ctx, args)
  File "/home/ankus/projects/projectx/venv/lib/python3.10/site-packages/click/core.py", line 1408, in parse_args
    value, args = param.handle_parse_result(ctx, opts, args)
  File "/home/ankus/projects/projectx/venv/lib/python3.10/site-packages/click/core.py", line 2400, in handle_parse_result
    value = self.process_value(ctx, value)
  File "/home/ankus/projects/projectx/venv/lib/python3.10/site-packages/click/core.py", line 2356, in process_value
    value = self.type_cast_value(ctx, value)
  File "/home/ankus/projects/projectx/venv/lib/python3.10/site-packages/click/core.py", line 2344, in type_cast_value
    return convert(value)
  File "/home/ankus/projects/projectx/venv/lib/python3.10/site-packages/click/core.py", line 2316, in convert
    return self.type(value, param=self, ctx=ctx)
  File "/home/ankus/projects/projectx/venv/lib/python3.10/site-packages/click/types.py", line 83, in __call__
    return self.convert(value, param, ctx)
  File "/home/ankus/projects/projectx/venv/lib/python3.10/site-packages/celery/bin/worker.py", line 51, in convert
    worker_pool = ctx.obj.app.conf.worker_pool
  File "/home/ankus/projects/projectx/venv/lib/python3.10/site-packages/celery/utils/collections.py", line 111, in __getattr__
    return self[k]
  File "/home/ankus/projects/projectx/venv/lib/python3.10/site-packages/celery/utils/collections.py", line 391, in __getitem__
    return getitem(k)
  File "/home/ankus/projects/projectx/venv/lib/python3.10/site-packages/celery/utils/collections.py", line 249, in __getitem__
    return mapping[_key]
  File "/usr/lib/python3.10/collections/__init__.py", line 1102, in __getitem__
    if key in self.data:
  File "/home/ankus/projects/projectx/venv/lib/python3.10/site-packages/kombu/utils/objects.py", line 40, in __get__
    return super().__get__(instance, owner)
  File "/usr/lib/python3.10/functools.py", line 981, in __get__
    val = self.func(instance)
  File "/home/ankus/projects/projectx/venv/lib/python3.10/site-packages/celery/app/base.py", line 135, in data
    return self.callback()
  File "/home/ankus/projects/projectx/venv/lib/python3.10/site-packages/celery/app/base.py", line 979, in _finalize_pending_conf
    conf = self._conf = self._load_config()
  File "/home/ankus/projects/projectx/venv/lib/python3.10/site-packages/celery/app/base.py", line 995, in _load_config
    self.loader.config_from_object(self._config_source)
  File "/home/ankus/projects/projectx/venv/lib/python3.10/site-packages/celery/loaders/base.py", line 127, in config_from_object
    self._conf = force_mapping(obj)
  File "/home/ankus/projects/projectx/venv/lib/python3.10/site-packages/celery/utils/collections.py", line 42, in force_mapping
    if isinstance(m, (LazyObject, LazySettings)):
  File "/home/ankus/projects/projectx/venv/lib/python3.10/site-packages/django/utils/functional.py", line 295, in __getattribute__
    value = super().__getattribute__(name)
  File "/home/ankus/projects/projectx/venv/lib/python3.10/site-packages/django/utils/functional.py", line 266, in inner
    self._setup()
  File "/home/ankus/projects/projectx/venv/lib/python3.10/site-packages/django/conf/__init__.py", line 89, in _setup
    self._wrapped = Settings(settings_module)
  File "/home/ankus/projects/projectx/venv/lib/python3.10/site-packages/django/conf/__init__.py", line 217, in __init__
    mod = importlib.import_module(self.SETTINGS_MODULE)
  File "/usr/lib/python3.10/importlib/__init__.py", line 126, in import_module
    return _bootstrap._gcd_import(name[level:], package, level)
  File "<frozen importlib._bootstrap>", line 1050, in _gcd_import
  File "<frozen importlib._bootstrap>", line 1027, in _find_and_load
  File "<frozen importlib._bootstrap>", line 992, in _find_and_load_unlocked
  File "<frozen importlib._bootstrap>", line 241, in _call_with_frames_removed
  File "<frozen importlib._bootstrap>", line 1050, in _gcd_import
  File "<frozen importlib._bootstrap>", line 1027, in _find_and_load
  File "<frozen importlib._bootstrap>", line 1004, in _find_and_load_unlocked
ModuleNotFoundError: No module named 'projectx'
2 RLock(s) were not greened, to fix this error make sure you run eventlet.monkey_patch() before importing any other modules.
Traceback (most recent call last):
  File "/home/ankus/projects/projectx/venv/bin/celery", line 8, in <module>
    sys.exit(main())
  File "/home/ankus/projects/projectx/venv/lib/python3.10/site-packages/celery/__main__.py", line 15, in main
    sys.exit(_main())
  File "/home/ankus/projects/projectx/venv/lib/python3.10/site-packages/celery/bin/celery.py", line 236, in main
    return celery(auto_envvar_prefix="CELERY")
  File "/home/ankus/projects/projectx/venv/lib/python3.10/site-packages/click/core.py", line 1157, in __call__
    return self.main(*args, **kwargs)
  File "/home/ankus/projects/projectx/venv/lib/python3.10/site-packages/click/core.py", line 1078, in main
    rv = self.invoke(ctx)
  File "/home/ankus/projects/projectx/venv/lib/python3.10/site-packages/click/core.py", line 1686, in invoke
    sub_ctx = cmd.make_context(cmd_name, args, parent=ctx)
  File "/home/ankus/projects/projectx/venv/lib/python3.10/site-packages/click/core.py", line 943, in make_context
    self.parse_args(ctx, args)
  File "/home/ankus/projects/projectx/venv/lib/python3.10/site-packages/click/core.py", line 1408, in parse_args
    value, args = param.handle_parse_result(ctx, opts, args)
  File "/home/ankus/projects/projectx/venv/lib/python3.10/site-packages/click/core.py", line 2400, in handle_parse_result
    value = self.process_value(ctx, value)
  File "/home/ankus/projects/projectx/venv/lib/python3.10/site-packages/click/core.py", line 2356, in process_value
    value = self.type_cast_value(ctx, value)
  File "/home/ankus/projects/projectx/venv/lib/python3.10/site-packages/click/core.py", line 2344, in type_cast_value
    return convert(value)
  File "/home/ankus/projects/projectx/venv/lib/python3.10/site-packages/click/core.py", line 2316, in convert
    return self.type(value, param=self, ctx=ctx)
  File "/home/ankus/projects/projectx/venv/lib/python3.10/site-packages/click/types.py", line 83, in __call__
    return self.convert(value, param, ctx)
  File "/home/ankus/projects/projectx/venv/lib/python3.10/site-packages/celery/bin/worker.py", line 51, in convert
    worker_pool = ctx.obj.app.conf.worker_pool
  File "/home/ankus/projects/projectx/venv/lib/python3.10/site-packages/celery/utils/collections.py", line 111, in __getattr__
    return self[k]
  File "/home/ankus/projects/projectx/venv/lib/python3.10/site-packages/celery/utils/collections.py", line 391, in __getitem__
    return getitem(k)
  File "/home/ankus/projects/projectx/venv/lib/python3.10/site-packages/celery/utils/collections.py", line 249, in __getitem__
    return mapping[_key]
  File "/usr/lib/python3.10/collections/__init__.py", line 1102, in __getitem__
    if key in self.data:
  File "/home/ankus/projects/projectx/venv/lib/python3.10/site-packages/kombu/utils/objects.py", line 40, in __get__
    return super().__get__(instance, owner)
  File "/usr/lib/python3.10/functools.py", line 981, in __get__
    val = self.func(instance)
  File "/home/ankus/projects/projectx/venv/lib/python3.10/site-packages/celery/app/base.py", line 135, in data
    return self.callback()
  File "/home/ankus/projects/projectx/venv/lib/python3.10/site-packages/celery/app/base.py", line 979, in _finalize_pending_conf
    conf = self._conf = self._load_config()
  File "/home/ankus/projects/projectx/venv/lib/python3.10/site-packages/celery/app/base.py", line 995, in _load_config
    self.loader.config_from_object(self._config_source)
  File "/home/ankus/projects/projectx/venv/lib/python3.10/site-packages/celery/loaders/base.py", line 127, in config_from_object
    self._conf = force_mapping(obj)
  File "/home/ankus/projects/projectx/venv/lib/python3.10/site-packages/celery/utils/collections.py", line 42, in force_mapping
    if isinstance(m, (LazyObject, LazySettings)):
  File "/home/ankus/projects/projectx/venv/lib/python3.10/site-packages/django/utils/functional.py", line 295, in __getattribute__
    value = super().__getattribute__(name)
  File "/home/ankus/projects/projectx/venv/lib/python3.10/site-packages/django/utils/functional.py", line 266, in inner
    self._setup()
  File "/home/ankus/projects/projectx/venv/lib/python3.10/site-packages/django/conf/__init__.py", line 89, in _setup
    self._wrapped = Settings(settings_module)
  File "/home/ankus/projects/projectx/venv/lib/python3.10/site-packages/django/conf/__init__.py", line 217, in __init__
    mod = importlib.import_module(self.SETTINGS_MODULE)
  File "/usr/lib/python3.10/importlib/__init__.py", line 126, in import_module
    return _bootstrap._gcd_import(name[level:], package, level)
  File "<frozen importlib._bootstrap>", line 1050, in _gcd_import
  File "<frozen importlib._bootstrap>", line 1027, in _find_and_load
  File "<frozen importlib._bootstrap>", line 992, in _find_and_load_unlocked
  File "<frozen importlib._bootstrap>", line 241, in _call_with_frames_removed
  File "<frozen importlib._bootstrap>", line 1050, in _gcd_import
  File "<frozen importlib._bootstrap>", line 1027, in _find_and_load
  File "<frozen importlib._bootstrap>", line 1004, in _find_and_load_unlocked
ModuleNotFoundError: No module named 'projectx'
2 RLock(s) were not greened, to fix this error make sure you run eventlet.monkey_patch() before importing any other modules.
Traceback (most recent call last):
  File "/home/ankus/projects/projectx/venv/bin/celery", line 8, in <module>
    sys.exit(main())
  File "/home/ankus/projects/projectx/venv/lib/python3.10/site-packages/celery/__main__.py", line 15, in main
    sys.exit(_main())
  File "/home/ankus/projects/projectx/venv/lib/python3.10/site-packages/celery/bin/celery.py", line 236, in main
    return celery(auto_envvar_prefix="CELERY")
  File "/home/ankus/projects/projectx/venv/lib/python3.10/site-packages/click/core.py", line 1157, in __call__
    return self.main(*args, **kwargs)
  File "/home/ankus/projects/projectx/venv/lib/python3.10/site-packages/click/core.py", line 1078, in main
    rv = self.invoke(ctx)
  File "/home/ankus/projects/projectx/venv/lib/python3.10/site-packages/click/core.py", line 1686, in invoke
    sub_ctx = cmd.make_context(cmd_name, args, parent=ctx)
  File "/home/ankus/projects/projectx/venv/lib/python3.10/site-packages/click/core.py", line 943, in make_context
    self.parse_args(ctx, args)
  File "/home/ankus/projects/projectx/venv/lib/python3.10/site-packages/click/core.py", line 1408, in parse_args
    value, args = param.handle_parse_result(ctx, opts, args)
  File "/home/ankus/projects/projectx/venv/lib/python3.10/site-packages/click/core.py", line 2400, in handle_parse_result
    value = self.process_value(ctx, value)
  File "/home/ankus/projects/projectx/venv/lib/python3.10/site-packages/click/core.py", line 2356, in process_value
    value = self.type_cast_value(ctx, value)
  File "/home/ankus/projects/projectx/venv/lib/python3.10/site-packages/click/core.py", line 2344, in type_cast_value
    return convert(value)
  File "/home/ankus/projects/projectx/venv/lib/python3.10/site-packages/click/core.py", line 2316, in convert
    return self.type(value, param=self, ctx=ctx)
  File "/home/ankus/projects/projectx/venv/lib/python3.10/site-packages/click/types.py", line 83, in __call__
    return self.convert(value, param, ctx)
  File "/home/ankus/projects/projectx/venv/lib/python3.10/site-packages/celery/bin/worker.py", line 51, in convert
    worker_pool = ctx.obj.app.conf.worker_pool
  File "/home/ankus/projects/projectx/venv/lib/python3.10/site-packages/celery/utils/collections.py", line 111, in __getattr__
    return self[k]
  File "/home/ankus/projects/projectx/venv/lib/python3.10/site-packages/celery/utils/collections.py", line 391, in __getitem__
    return getitem(k)
  File "/home/ankus/projects/projectx/venv/lib/python3.10/site-packages/celery/utils/collections.py", line 249, in __getitem__
    return mapping[_key]
  File "/usr/lib/python3.10/collections/__init__.py", line 1102, in __getitem__
    if key in self.data:
  File "/home/ankus/projects/projectx/venv/lib/python3.10/site-packages/kombu/utils/objects.py", line 40, in __get__
    return super().__get__(instance, owner)
  File "/usr/lib/python3.10/functools.py", line 981, in __get__
    val = self.func(instance)
  File "/home/ankus/projects/projectx/venv/lib/python3.10/site-packages/celery/app/base.py", line 135, in data
    return self.callback()
  File "/home/ankus/projects/projectx/venv/lib/python3.10/site-packages/celery/app/base.py", line 979, in _finalize_pending_conf
    conf = self._conf = self._load_config()
  File "/home/ankus/projects/projectx/venv/lib/python3.10/site-packages/celery/app/base.py", line 995, in _load_config
    self.loader.config_from_object(self._config_source)
  File "/home/ankus/projects/projectx/venv/lib/python3.10/site-packages/celery/loaders/base.py", line 127, in config_from_object
    self._conf = force_mapping(obj)
  File "/home/ankus/projects/projectx/venv/lib/python3.10/site-packages/celery/utils/collections.py", line 42, in force_mapping
    if isinstance(m, (LazyObject, LazySettings)):
  File "/home/ankus/projects/projectx/venv/lib/python3.10/site-packages/django/utils/functional.py", line 295, in __getattribute__
    value = super().__getattribute__(name)
  File "/home/ankus/projects/projectx/venv/lib/python3.10/site-packages/django/utils/functional.py", line 266, in inner
    self._setup()
  File "/home/ankus/projects/projectx/venv/lib/python3.10/site-packages/django/conf/__init__.py", line 89, in _setup
    self._wrapped = Settings(settings_module)
  File "/home/ankus/projects/projectx/venv/lib/python3.10/site-packages/django/conf/__init__.py", line 217, in __init__
    mod = importlib.import_module(self.SETTINGS_MODULE)
  File "/usr/lib/python3.10/importlib/__init__.py", line 126, in import_module
    return _bootstrap._gcd_import(name[level:], package, level)
  File "<frozen importlib._bootstrap>", line 1050, in _gcd_import
  File "<frozen importlib._bootstrap>", line 1027, in _find_and_load
  File "<frozen importlib._bootstrap>", line 992, in _find_and_load_unlocked
  File "<frozen importlib._bootstrap>", line 241, in _call_with_frames_removed
  File "<frozen importlib._bootstrap>", line 1050, in _gcd_import
  File "<frozen importlib._bootstrap>", line 1027, in _find_and_load
  File "<frozen importlib._bootstrap>", line 1004, in _find_and_load_unlocked
ModuleNotFoundError: No module named 'projectx'
2 RLock(s) were not greened, to fix this error make sure you run eventlet.monkey_patch() before importing any other modules.
Traceback (most recent call last):
  File "/home/ankus/projects/projectx/venv/bin/celery", line 8, in <module>
    sys.exit(main())
  File "/home/ankus/projects/projectx/venv/lib/python3.10/site-packages/celery/__main__.py", line 15, in main
    sys.exit(_main())
  File "/home/ankus/projects/projectx/venv/lib/python3.10/site-packages/celery/bin/celery.py", line 236, in main
    return celery(auto_envvar_prefix="CELERY")
  File "/home/ankus/projects/projectx/venv/lib/python3.10/site-packages/click/core.py", line 1157, in __call__
    return self.main(*args, **kwargs)
  File "/home/ankus/projects/projectx/venv/lib/python3.10/site-packages/click/core.py", line 1078, in main
    rv = self.invoke(ctx)
  File "/home/ankus/projects/projectx/venv/lib/python3.10/site-packages/click/core.py", line 1686, in invoke
    sub_ctx = cmd.make_context(cmd_name, args, parent=ctx)
  File "/home/ankus/projects/projectx/venv/lib/python3.10/site-packages/click/core.py", line 943, in make_context
    self.parse_args(ctx, args)
  File "/home/ankus/projects/projectx/venv/lib/python3.10/site-packages/click/core.py", line 1408, in parse_args
    value, args = param.handle_parse_result(ctx, opts, args)
  File "/home/ankus/projects/projectx/venv/lib/python3.10/site-packages/click/core.py", line 2400, in handle_parse_result
    value = self.process_value(ctx, value)
  File "/home/ankus/projects/projectx/venv/lib/python3.10/site-packages/click/core.py", line 2356, in process_value
    value = self.type_cast_value(ctx, value)
  File "/home/ankus/projects/projectx/venv/lib/python3.10/site-packages/click/core.py", line 2344, in type_cast_value
    return convert(value)
  File "/home/ankus/projects/projectx/venv/lib/python3.10/site-packages/click/core.py", line 2316, in convert
    return self.type(value, param=self, ctx=ctx)
  File "/home/ankus/projects/projectx/venv/lib/python3.10/site-packages/click/types.py", line 83, in __call__
    return self.convert(value, param, ctx)
  File "/home/ankus/projects/projectx/venv/lib/python3.10/site-packages/celery/bin/worker.py", line 51, in convert
    worker_pool = ctx.obj.app.conf.worker_pool
  File "/home/ankus/projects/projectx/venv/lib/python3.10/site-packages/celery/utils/collections.py", line 111, in __getattr__
    return self[k]
  File "/home/ankus/projects/projectx/venv/lib/python3.10/site-packages/celery/utils/collections.py", line 391, in __getitem__
    return getitem(k)
  File "/home/ankus/projects/projectx/venv/lib/python3.10/site-packages/celery/utils/collections.py", line 249, in __getitem__
    return mapping[_key]
  File "/usr/lib/python3.10/collections/__init__.py", line 1102, in __getitem__
    if key in self.data:
  File "/home/ankus/projects/projectx/venv/lib/python3.10/site-packages/kombu/utils/objects.py", line 40, in __get__
    return super().__get__(instance, owner)
  File "/usr/lib/python3.10/functools.py", line 981, in __get__
    val = self.func(instance)
  File "/home/ankus/projects/projectx/venv/lib/python3.10/site-packages/celery/app/base.py", line 135, in data
    return self.callback()
  File "/home/ankus/projects/projectx/venv/lib/python3.10/site-packages/celery/app/base.py", line 979, in _finalize_pending_conf
    conf = self._conf = self._load_config()
  File "/home/ankus/projects/projectx/venv/lib/python3.10/site-packages/celery/app/base.py", line 995, in _load_config
    self.loader.config_from_object(self._config_source)
  File "/home/ankus/projects/projectx/venv/lib/python3.10/site-packages/celery/loaders/base.py", line 127, in config_from_object
    self._conf = force_mapping(obj)
  File "/home/ankus/projects/projectx/venv/lib/python3.10/site-packages/celery/utils/collections.py", line 42, in force_mapping
    if isinstance(m, (LazyObject, LazySettings)):
  File "/home/ankus/projects/projectx/venv/lib/python3.10/site-packages/django/utils/functional.py", line 295, in __getattribute__
    value = super().__getattribute__(name)
  File "/home/ankus/projects/projectx/venv/lib/python3.10/site-packages/django/utils/functional.py", line 266, in inner
    self._setup()
  File "/home/ankus/projects/projectx/venv/lib/python3.10/site-packages/django/conf/__init__.py", line 89, in _setup
    self._wrapped = Settings(settings_module)
  File "/home/ankus/projects/projectx/venv/lib/python3.10/site-packages/django/conf/__init__.py", line 217, in __init__
    mod = importlib.import_module(self.SETTINGS_MODULE)
  File "/usr/lib/python3.10/importlib/__init__.py", line 126, in import_module
    return _bootstrap._gcd_import(name[level:], package, level)
  File "<frozen importlib._bootstrap>", line 1050, in _gcd_import
  File "<frozen importlib._bootstrap>", line 1027, in _find_and_load
  File "<frozen importlib._bootstrap>", line 992, in _find_and_load_unlocked
  File "<frozen importlib._bootstrap>", line 241, in _call_with_frames_removed
  File "<frozen importlib._bootstrap>", line 1050, in _gcd_import
  File "<frozen importlib._bootstrap>", line 1027, in _find_and_load
  File "<frozen importlib._bootstrap>", line 1004, in _find_and_load_unlocked
ModuleNotFoundError: No module named 'projectx'
2 RLock(s) were not greened, to fix this error make sure you run eventlet.monkey_patch() before importing any other modules.
Traceback (most recent call last):
  File "/home/ankus/projects/projectx/venv/bin/celery", line 8, in <module>
    sys.exit(main())
  File "/home/ankus/projects/projectx/venv/lib/python3.10/site-packages/celery/__main__.py", line 15, in main
    sys.exit(_main())
  File "/home/ankus/projects/projectx/venv/lib/python3.10/site-packages/celery/bin/celery.py", line 236, in main
    return celery(auto_envvar_prefix="CELERY")
  File "/home/ankus/projects/projectx/venv/lib/python3.10/site-packages/click/core.py", line 1157, in __call__
    return self.main(*args, **kwargs)
  File "/home/ankus/projects/projectx/venv/lib/python3.10/site-packages/click/core.py", line 1078, in main
    rv = self.invoke(ctx)
  File "/home/ankus/projects/projectx/venv/lib/python3.10/site-packages/click/core.py", line 1686, in invoke
    sub_ctx = cmd.make_context(cmd_name, args, parent=ctx)
  File "/home/ankus/projects/projectx/venv/lib/python3.10/site-packages/click/core.py", line 943, in make_context
    self.parse_args(ctx, args)
  File "/home/ankus/projects/projectx/venv/lib/python3.10/site-packages/click/core.py", line 1408, in parse_args
    value, args = param.handle_parse_result(ctx, opts, args)
  File "/home/ankus/projects/projectx/venv/lib/python3.10/site-packages/click/core.py", line 2400, in handle_parse_result
    value = self.process_value(ctx, value)
  File "/home/ankus/projects/projectx/venv/lib/python3.10/site-packages/click/core.py", line 2356, in process_value
    value = self.type_cast_value(ctx, value)
  File "/home/ankus/projects/projectx/venv/lib/python3.10/site-packages/click/core.py", line 2344, in type_cast_value
    return convert(value)
  File "/home/ankus/projects/projectx/venv/lib/python3.10/site-packages/click/core.py", line 2316, in convert
    return self.type(value, param=self, ctx=ctx)
  File "/home/ankus/projects/projectx/venv/lib/python3.10/site-packages/click/types.py", line 83, in __call__
    return self.convert(value, param, ctx)
  File "/home/ankus/projects/projectx/venv/lib/python3.10/site-packages/celery/bin/worker.py", line 51, in convert
    worker_pool = ctx.obj.app.conf.worker_pool
  File "/home/ankus/projects/projectx/venv/lib/python3.10/site-packages/celery/utils/collections.py", line 111, in __getattr__
    return self[k]
  File "/home/ankus/projects/projectx/venv/lib/python3.10/site-packages/celery/utils/collections.py", line 391, in __getitem__
    return getitem(k)
  File "/home/ankus/projects/projectx/venv/lib/python3.10/site-packages/celery/utils/collections.py", line 249, in __getitem__
    return mapping[_key]
  File "/usr/lib/python3.10/collections/__init__.py", line 1102, in __getitem__
    if key in self.data:
  File "/home/ankus/projects/projectx/venv/lib/python3.10/site-packages/kombu/utils/objects.py", line 40, in __get__
    return super().__get__(instance, owner)
  File "/usr/lib/python3.10/functools.py", line 981, in __get__
    val = self.func(instance)
  File "/home/ankus/projects/projectx/venv/lib/python3.10/site-packages/celery/app/base.py", line 135, in data
    return self.callback()
  File "/home/ankus/projects/projectx/venv/lib/python3.10/site-packages/celery/app/base.py", line 979, in _finalize_pending_conf
    conf = self._conf = self._load_config()
  File "/home/ankus/projects/projectx/venv/lib/python3.10/site-packages/celery/app/base.py", line 995, in _load_config
    self.loader.config_from_object(self._config_source)
  File "/home/ankus/projects/projectx/venv/lib/python3.10/site-packages/celery/loaders/base.py", line 127, in config_from_object
    self._conf = force_mapping(obj)
  File "/home/ankus/projects/projectx/venv/lib/python3.10/site-packages/celery/utils/collections.py", line 42, in force_mapping
    if isinstance(m, (LazyObject, LazySettings)):
  File "/home/ankus/projects/projectx/venv/lib/python3.10/site-packages/django/utils/functional.py", line 295, in __getattribute__
    value = super().__getattribute__(name)
  File "/home/ankus/projects/projectx/venv/lib/python3.10/site-packages/django/utils/functional.py", line 266, in inner
    self._setup()
  File "/home/ankus/projects/projectx/venv/lib/python3.10/site-packages/django/conf/__init__.py", line 89, in _setup
    self._wrapped = Settings(settings_module)
  File "/home/ankus/projects/projectx/venv/lib/python3.10/site-packages/django/conf/__init__.py", line 217, in __init__
    mod = importlib.import_module(self.SETTINGS_MODULE)
  File "/usr/lib/python3.10/importlib/__init__.py", line 126, in import_module
    return _bootstrap._gcd_import(name[level:], package, level)
  File "<frozen importlib._bootstrap>", line 1050, in _gcd_import
  File "<frozen importlib._bootstrap>", line 1027, in _find_and_load
  File "<frozen importlib._bootstrap>", line 992, in _find_and_load_unlocked
  File "<frozen importlib._bootstrap>", line 241, in _call_with_frames_removed
  File "<frozen importlib._bootstrap>", line 1050, in _gcd_import
  File "<frozen importlib._bootstrap>", line 1027, in _find_and_load
  File "<frozen importlib._bootstrap>", line 1004, in _find_and_load_unlocked
ModuleNotFoundError: No module named 'projectx'
2 RLock(s) were not greened, to fix this error make sure you run eventlet.monkey_patch() before importing any other modules.
Traceback (most recent call last):
  File "/home/ankus/projects/projectx/venv/bin/celery", line 8, in <module>
    sys.exit(main())
  File "/home/ankus/projects/projectx/venv/lib/python3.10/site-packages/celery/__main__.py", line 15, in main
    sys.exit(_main())
  File "/home/ankus/projects/projectx/venv/lib/python3.10/site-packages/celery/bin/celery.py", line 236, in main
    return celery(auto_envvar_prefix="CELERY")
  File "/home/ankus/projects/projectx/venv/lib/python3.10/site-packages/click/core.py", line 1157, in __call__
    return self.main(*args, **kwargs)
  File "/home/ankus/projects/projectx/venv/lib/python3.10/site-packages/click/core.py", line 1078, in main
    rv = self.invoke(ctx)
  File "/home/ankus/projects/projectx/venv/lib/python3.10/site-packages/click/core.py", line 1686, in invoke
    sub_ctx = cmd.make_context(cmd_name, args, parent=ctx)
  File "/home/ankus/projects/projectx/venv/lib/python3.10/site-packages/click/core.py", line 943, in make_context
    self.parse_args(ctx, args)
  File "/home/ankus/projects/projectx/venv/lib/python3.10/site-packages/click/core.py", line 1408, in parse_args
    value, args = param.handle_parse_result(ctx, opts, args)
  File "/home/ankus/projects/projectx/venv/lib/python3.10/site-packages/click/core.py", line 2400, in handle_parse_result
    value = self.process_value(ctx, value)
  File "/home/ankus/projects/projectx/venv/lib/python3.10/site-packages/click/core.py", line 2356, in process_value
    value = self.type_cast_value(ctx, value)
  File "/home/ankus/projects/projectx/venv/lib/python3.10/site-packages/click/core.py", line 2344, in type_cast_value
    return convert(value)
  File "/home/ankus/projects/projectx/venv/lib/python3.10/site-packages/click/core.py", line 2316, in convert
    return self.type(value, param=self, ctx=ctx)
  File "/home/ankus/projects/projectx/venv/lib/python3.10/site-packages/click/types.py", line 83, in __call__
    return self.convert(value, param, ctx)
  File "/home/ankus/projects/projectx/venv/lib/python3.10/site-packages/celery/bin/worker.py", line 51, in convert
    worker_pool = ctx.obj.app.conf.worker_pool
  File "/home/ankus/projects/projectx/venv/lib/python3.10/site-packages/celery/utils/collections.py", line 111, in __getattr__
    return self[k]
  File "/home/ankus/projects/projectx/venv/lib/python3.10/site-packages/celery/utils/collections.py", line 391, in __getitem__
    return getitem(k)
  File "/home/ankus/projects/projectx/venv/lib/python3.10/site-packages/celery/utils/collections.py", line 249, in __getitem__
    return mapping[_key]
  File "/usr/lib/python3.10/collections/__init__.py", line 1102, in __getitem__
    if key in self.data:
  File "/home/ankus/projects/projectx/venv/lib/python3.10/site-packages/kombu/utils/objects.py", line 40, in __get__
    return super().__get__(instance, owner)
  File "/usr/lib/python3.10/functools.py", line 981, in __get__
    val = self.func(instance)
  File "/home/ankus/projects/projectx/venv/lib/python3.10/site-packages/celery/app/base.py", line 135, in data
    return self.callback()
  File "/home/ankus/projects/projectx/venv/lib/python3.10/site-packages/celery/app/base.py", line 979, in _finalize_pending_conf
    conf = self._conf = self._load_config()
  File "/home/ankus/projects/projectx/venv/lib/python3.10/site-packages/celery/app/base.py", line 995, in _load_config
    self.loader.config_from_object(self._config_source)
  File "/home/ankus/projects/projectx/venv/lib/python3.10/site-packages/celery/loaders/base.py", line 127, in config_from_object
    self._conf = force_mapping(obj)
  File "/home/ankus/projects/projectx/venv/lib/python3.10/site-packages/celery/utils/collections.py", line 42, in force_mapping
    if isinstance(m, (LazyObject, LazySettings)):
  File "/home/ankus/projects/projectx/venv/lib/python3.10/site-packages/django/utils/functional.py", line 295, in __getattribute__
    value = super().__getattribute__(name)
  File "/home/ankus/projects/projectx/venv/lib/python3.10/site-packages/django/utils/functional.py", line 266, in inner
    self._setup()
  File "/home/ankus/projects/projectx/venv/lib/python3.10/site-packages/django/conf/__init__.py", line 89, in _setup
    self._wrapped = Settings(settings_module)
  File "/home/ankus/projects/projectx/venv/lib/python3.10/site-packages/django/conf/__init__.py", line 217, in __init__
    mod = importlib.import_module(self.SETTINGS_MODULE)
  File "/usr/lib/python3.10/importlib/__init__.py", line 126, in import_module
    return _bootstrap._gcd_import(name[level:], package, level)
  File "<frozen importlib._bootstrap>", line 1050, in _gcd_import
  File "<frozen importlib._bootstrap>", line 1027, in _find_and_load
  File "<frozen importlib._bootstrap>", line 992, in _find_and_load_unlocked
  File "<frozen importlib._bootstrap>", line 241, in _call_with_frames_removed
  File "<frozen importlib._bootstrap>", line 1050, in _gcd_import
  File "<frozen importlib._bootstrap>", line 1027, in _find_and_load
  File "<frozen importlib._bootstrap>", line 1004, in _find_and_load_unlocked
ModuleNotFoundError: No module named 'projectx'
2 RLock(s) were not greened, to fix this error make sure you run eventlet.monkey_patch() before importing any other modules.
Traceback (most recent call last):
  File "/home/ankus/projects/projectx/venv/bin/celery", line 8, in <module>
    sys.exit(main())
  File "/home/ankus/projects/projectx/venv/lib/python3.10/site-packages/celery/__main__.py", line 15, in main
    sys.exit(_main())
  File "/home/ankus/projects/projectx/venv/lib/python3.10/site-packages/celery/bin/celery.py", line 236, in main
    return celery(auto_envvar_prefix="CELERY")
  File "/home/ankus/projects/projectx/venv/lib/python3.10/site-packages/click/core.py", line 1157, in __call__
    return self.main(*args, **kwargs)
  File "/home/ankus/projects/projectx/venv/lib/python3.10/site-packages/click/core.py", line 1078, in main
    rv = self.invoke(ctx)
  File "/home/ankus/projects/projectx/venv/lib/python3.10/site-packages/click/core.py", line 1686, in invoke
    sub_ctx = cmd.make_context(cmd_name, args, parent=ctx)
  File "/home/ankus/projects/projectx/venv/lib/python3.10/site-packages/click/core.py", line 943, in make_context
    self.parse_args(ctx, args)
  File "/home/ankus/projects/projectx/venv/lib/python3.10/site-packages/click/core.py", line 1408, in parse_args
    value, args = param.handle_parse_result(ctx, opts, args)
  File "/home/ankus/projects/projectx/venv/lib/python3.10/site-packages/click/core.py", line 2400, in handle_parse_result
    value = self.process_value(ctx, value)
  File "/home/ankus/projects/projectx/venv/lib/python3.10/site-packages/click/core.py", line 2356, in process_value
    value = self.type_cast_value(ctx, value)
  File "/home/ankus/projects/projectx/venv/lib/python3.10/site-packages/click/core.py", line 2344, in type_cast_value
    return convert(value)
  File "/home/ankus/projects/projectx/venv/lib/python3.10/site-packages/click/core.py", line 2316, in convert
    return self.type(value, param=self, ctx=ctx)
  File "/home/ankus/projects/projectx/venv/lib/python3.10/site-packages/click/types.py", line 83, in __call__
    return self.convert(value, param, ctx)
  File "/home/ankus/projects/projectx/venv/lib/python3.10/site-packages/celery/bin/worker.py", line 51, in convert
    worker_pool = ctx.obj.app.conf.worker_pool
  File "/home/ankus/projects/projectx/venv/lib/python3.10/site-packages/celery/utils/collections.py", line 111, in __getattr__
    return self[k]
  File "/home/ankus/projects/projectx/venv/lib/python3.10/site-packages/celery/utils/collections.py", line 391, in __getitem__
    return getitem(k)
  File "/home/ankus/projects/projectx/venv/lib/python3.10/site-packages/celery/utils/collections.py", line 249, in __getitem__
    return mapping[_key]
  File "/usr/lib/python3.10/collections/__init__.py", line 1102, in __getitem__
    if key in self.data:
  File "/home/ankus/projects/projectx/venv/lib/python3.10/site-packages/kombu/utils/objects.py", line 40, in __get__
    return super().__get__(instance, owner)
  File "/usr/lib/python3.10/functools.py", line 981, in __get__
    val = self.func(instance)
  File "/home/ankus/projects/projectx/venv/lib/python3.10/site-packages/celery/app/base.py", line 135, in data
    return self.callback()
  File "/home/ankus/projects/projectx/venv/lib/python3.10/site-packages/celery/app/base.py", line 979, in _finalize_pending_conf
    conf = self._conf = self._load_config()
  File "/home/ankus/projects/projectx/venv/lib/python3.10/site-packages/celery/app/base.py", line 995, in _load_config
    self.loader.config_from_object(self._config_source)
  File "/home/ankus/projects/projectx/venv/lib/python3.10/site-packages/celery/loaders/base.py", line 127, in config_from_object
    self._conf = force_mapping(obj)
  File "/home/ankus/projects/projectx/venv/lib/python3.10/site-packages/celery/utils/collections.py", line 42, in force_mapping
    if isinstance(m, (LazyObject, LazySettings)):
  File "/home/ankus/projects/projectx/venv/lib/python3.10/site-packages/django/utils/functional.py", line 295, in __getattribute__
    value = super().__getattribute__(name)
  File "/home/ankus/projects/projectx/venv/lib/python3.10/site-packages/django/utils/functional.py", line 266, in inner
    self._setup()
  File "/home/ankus/projects/projectx/venv/lib/python3.10/site-packages/django/conf/__init__.py", line 89, in _setup
    self._wrapped = Settings(settings_module)
  File "/home/ankus/projects/projectx/venv/lib/python3.10/site-packages/django/conf/__init__.py", line 217, in __init__
    mod = importlib.import_module(self.SETTINGS_MODULE)
  File "/usr/lib/python3.10/importlib/__init__.py", line 126, in import_module
    return _bootstrap._gcd_import(name[level:], package, level)
  File "<frozen importlib._bootstrap>", line 1050, in _gcd_import
  File "<frozen importlib._bootstrap>", line 1027, in _find_and_load
  File "<frozen importlib._bootstrap>", line 992, in _find_and_load_unlocked
  File "<frozen importlib._bootstrap>", line 241, in _call_with_frames_removed
  File "<frozen importlib._bootstrap>", line 1050, in _gcd_import
  File "<frozen importlib._bootstrap>", line 1027, in _find_and_load
  File "<frozen importlib._bootstrap>", line 1004, in _find_and_load_unlocked
ModuleNotFoundError: No module named 'projectx'
2 RLock(s) were not greened, to fix this error make sure you run eventlet.monkey_patch() before importing any other modules.
Traceback (most recent call last):
  File "/home/ankus/projects/projectx/venv/bin/celery", line 8, in <module>
    sys.exit(main())
  File "/home/ankus/projects/projectx/venv/lib/python3.10/site-packages/celery/__main__.py", line 15, in main
    sys.exit(_main())
  File "/home/ankus/projects/projectx/venv/lib/python3.10/site-packages/celery/bin/celery.py", line 236, in main
    return celery(auto_envvar_prefix="CELERY")
  File "/home/ankus/projects/projectx/venv/lib/python3.10/site-packages/click/core.py", line 1157, in __call__
    return self.main(*args, **kwargs)
  File "/home/ankus/projects/projectx/venv/lib/python3.10/site-packages/click/core.py", line 1078, in main
    rv = self.invoke(ctx)
  File "/home/ankus/projects/projectx/venv/lib/python3.10/site-packages/click/core.py", line 1686, in invoke
    sub_ctx = cmd.make_context(cmd_name, args, parent=ctx)
  File "/home/ankus/projects/projectx/venv/lib/python3.10/site-packages/click/core.py", line 943, in make_context
    self.parse_args(ctx, args)
  File "/home/ankus/projects/projectx/venv/lib/python3.10/site-packages/click/core.py", line 1408, in parse_args
    value, args = param.handle_parse_result(ctx, opts, args)
  File "/home/ankus/projects/projectx/venv/lib/python3.10/site-packages/click/core.py", line 2400, in handle_parse_result
    value = self.process_value(ctx, value)
  File "/home/ankus/projects/projectx/venv/lib/python3.10/site-packages/click/core.py", line 2356, in process_value
    value = self.type_cast_value(ctx, value)
  File "/home/ankus/projects/projectx/venv/lib/python3.10/site-packages/click/core.py", line 2344, in type_cast_value
    return convert(value)
  File "/home/ankus/projects/projectx/venv/lib/python3.10/site-packages/click/core.py", line 2316, in convert
    return self.type(value, param=self, ctx=ctx)
  File "/home/ankus/projects/projectx/venv/lib/python3.10/site-packages/click/types.py", line 83, in __call__
    return self.convert(value, param, ctx)
  File "/home/ankus/projects/projectx/venv/lib/python3.10/site-packages/celery/bin/worker.py", line 51, in convert
    worker_pool = ctx.obj.app.conf.worker_pool
  File "/home/ankus/projects/projectx/venv/lib/python3.10/site-packages/celery/utils/collections.py", line 111, in __getattr__
    return self[k]
  File "/home/ankus/projects/projectx/venv/lib/python3.10/site-packages/celery/utils/collections.py", line 391, in __getitem__
    return getitem(k)
  File "/home/ankus/projects/projectx/venv/lib/python3.10/site-packages/celery/utils/collections.py", line 249, in __getitem__
    return mapping[_key]
  File "/usr/lib/python3.10/collections/__init__.py", line 1102, in __getitem__
    if key in self.data:
  File "/home/ankus/projects/projectx/venv/lib/python3.10/site-packages/kombu/utils/objects.py", line 40, in __get__
    return super().__get__(instance, owner)
  File "/usr/lib/python3.10/functools.py", line 981, in __get__
    val = self.func(instance)
  File "/home/ankus/projects/projectx/venv/lib/python3.10/site-packages/celery/app/base.py", line 135, in data
    return self.callback()
  File "/home/ankus/projects/projectx/venv/lib/python3.10/site-packages/celery/app/base.py", line 979, in _finalize_pending_conf
    conf = self._conf = self._load_config()
  File "/home/ankus/projects/projectx/venv/lib/python3.10/site-packages/celery/app/base.py", line 995, in _load_config
    self.loader.config_from_object(self._config_source)
  File "/home/ankus/projects/projectx/venv/lib/python3.10/site-packages/celery/loaders/base.py", line 127, in config_from_object
    self._conf = force_mapping(obj)
  File "/home/ankus/projects/projectx/venv/lib/python3.10/site-packages/celery/utils/collections.py", line 42, in force_mapping
    if isinstance(m, (LazyObject, LazySettings)):
  File "/home/ankus/projects/projectx/venv/lib/python3.10/site-packages/django/utils/functional.py", line 295, in __getattribute__
    value = super().__getattribute__(name)
  File "/home/ankus/projects/projectx/venv/lib/python3.10/site-packages/django/utils/functional.py", line 266, in inner
    self._setup()
  File "/home/ankus/projects/projectx/venv/lib/python3.10/site-packages/django/conf/__init__.py", line 89, in _setup
    self._wrapped = Settings(settings_module)
  File "/home/ankus/projects/projectx/venv/lib/python3.10/site-packages/django/conf/__init__.py", line 217, in __init__
    mod = importlib.import_module(self.SETTINGS_MODULE)
  File "/usr/lib/python3.10/importlib/__init__.py", line 126, in import_module
    return _bootstrap._gcd_import(name[level:], package, level)
  File "<frozen importlib._bootstrap>", line 1050, in _gcd_import
  File "<frozen importlib._bootstrap>", line 1027, in _find_and_load
  File "<frozen importlib._bootstrap>", line 992, in _find_and_load_unlocked
  File "<frozen importlib._bootstrap>", line 241, in _call_with_frames_removed
  File "<frozen importlib._bootstrap>", line 1050, in _gcd_import
  File "<frozen importlib._bootstrap>", line 1027, in _find_and_load
  File "<frozen importlib._bootstrap>", line 1004, in _find_and_load_unlocked
ModuleNotFoundError: No module named 'projectx'
2 RLock(s) were not greened, to fix this error make sure you run eventlet.monkey_patch() before importing any other modules.
Usage: celery [OPTIONS] COMMAND [ARGS]...
Try 'celery --help' for help.

Error: Invalid value for '-A' / '--app': 
Unable to load celery application.
The module projectx was not found.
2 RLock(s) were not greened, to fix this error make sure you run eventlet.monkey_patch() before importing any other modules.
Usage: celery [OPTIONS] COMMAND [ARGS]...
Try 'celery --help' for help.

Error: Invalid value for '-A' / '--app': 
Unable to load celery application.
The module projectx was not found.
2 RLock(s) were not greened, to fix this error make sure you run eventlet.monkey_patch() before importing any other modules.
Usage: celery [OPTIONS] COMMAND [ARGS]...
Try 'celery --help' for help.

Error: Invalid value for '-A' / '--app': 
Unable to load celery application.
The module projectx was not found.
2 RLock(s) were not greened, to fix this error make sure you run eventlet.monkey_patch() before importing any other modules.
Usage: celery [OPTIONS] COMMAND [ARGS]...
Try 'celery --help' for help.

Error: Invalid value for '-A' / '--app': 
Unable to load celery application.
The module projectx was not found.
2 RLock(s) were not greened, to fix this error make sure you run eventlet.monkey_patch() before importing any other modules.
Usage: celery [OPTIONS] COMMAND [ARGS]...
Try 'celery --help' for help.

Error: Invalid value for '-A' / '--app': 
Unable to load celery application.
The module projectx was not found.
2 RLock(s) were not greened, to fix this error make sure you run eventlet.monkey_patch() before importing any other modules.
Usage: celery [OPTIONS] COMMAND [ARGS]...
Try 'celery --help' for help.

Error: Invalid value for '-A' / '--app': 
Unable to load celery application.
The module projectx was not found.
2 RLock(s) were not greened, to fix this error make sure you run eventlet.monkey_patch() before importing any other modules.
Usage: celery [OPTIONS] COMMAND [ARGS]...
Try 'celery --help' for help.

Error: Invalid value for '-A' / '--app': 
Unable to load celery application.
The module projectx was not found.
2 RLock(s) were not greened, to fix this error make sure you run eventlet.monkey_patch() before importing any other modules.
Usage: celery [OPTIONS] COMMAND [ARGS]...
Try 'celery --help' for help.

Error: Invalid value for '-A' / '--app': 
Unable to load celery application.
The module projectx was not found.
2 RLock(s) were not greened, to fix this error make sure you run eventlet.monkey_patch() before importing any other modules.
Traceback (most recent call last):
  File "/home/ankus/projects/projectx/venv/bin/celery", line 8, in <module>
    sys.exit(main())
  File "/home/ankus/projects/projectx/venv/lib/python3.10/site-packages/celery/__main__.py", line 15, in main
    sys.exit(_main())
  File "/home/ankus/projects/projectx/venv/lib/python3.10/site-packages/celery/bin/celery.py", line 236, in main
    return celery(auto_envvar_prefix="CELERY")
  File "/home/ankus/projects/projectx/venv/lib/python3.10/site-packages/click/core.py", line 1157, in __call__
    return self.main(*args, **kwargs)
  File "/home/ankus/projects/projectx/venv/lib/python3.10/site-packages/click/core.py", line 1078, in main
    rv = self.invoke(ctx)
  File "/home/ankus/projects/projectx/venv/lib/python3.10/site-packages/click/core.py", line 1688, in invoke
    return _process_result(sub_ctx.command.invoke(sub_ctx))
  File "/home/ankus/projects/projectx/venv/lib/python3.10/site-packages/click/core.py", line 1434, in invoke
    return ctx.invoke(self.callback, **ctx.params)
  File "/home/ankus/projects/projectx/venv/lib/python3.10/site-packages/click/core.py", line 783, in invoke
    return __callback(*args, **kwargs)
  File "/home/ankus/projects/projectx/venv/lib/python3.10/site-packages/click/decorators.py", line 33, in new_func
    return f(get_current_context(), *args, **kwargs)
  File "/home/ankus/projects/projectx/venv/lib/python3.10/site-packages/celery/bin/base.py", line 134, in caller
    return f(ctx, *args, **kwargs)
  File "/home/ankus/projects/projectx/venv/lib/python3.10/site-packages/celery/bin/worker.py", line 348, in worker
    worker = app.Worker(
  File "/home/ankus/projects/projectx/venv/lib/python3.10/site-packages/celery/worker/worker.py", line 93, in __init__
    self.app.loader.init_worker()
  File "/home/ankus/projects/projectx/venv/lib/python3.10/site-packages/celery/loaders/base.py", line 110, in init_worker
    self.import_default_modules()
  File "/home/ankus/projects/projectx/venv/lib/python3.10/site-packages/celery/loaders/base.py", line 104, in import_default_modules
    raise response
  File "/home/ankus/projects/projectx/venv/lib/python3.10/site-packages/celery/utils/dispatch/signal.py", line 276, in send
    response = receiver(signal=self, sender=sender, **named)
  File "/home/ankus/projects/projectx/venv/lib/python3.10/site-packages/celery/fixups/django.py", line 97, in on_import_modules
    self.worker_fixup.validate_models()
  File "/home/ankus/projects/projectx/venv/lib/python3.10/site-packages/celery/fixups/django.py", line 135, in validate_models
    self.django_setup()
  File "/home/ankus/projects/projectx/venv/lib/python3.10/site-packages/celery/fixups/django.py", line 131, in django_setup
    django.setup()
  File "/home/ankus/projects/projectx/venv/lib/python3.10/site-packages/django/__init__.py", line 24, in setup
    apps.populate(settings.INSTALLED_APPS)
  File "/home/ankus/projects/projectx/venv/lib/python3.10/site-packages/django/apps/registry.py", line 91, in populate
    app_config = AppConfig.create(entry)
  File "/home/ankus/projects/projectx/venv/lib/python3.10/site-packages/django/apps/config.py", line 178, in create
    mod = import_module(mod_path)
  File "/usr/lib/python3.10/importlib/__init__.py", line 126, in import_module
    return _bootstrap._gcd_import(name[level:], package, level)
  File "<frozen importlib._bootstrap>", line 1050, in _gcd_import
  File "<frozen importlib._bootstrap>", line 1027, in _find_and_load
  File "<frozen importlib._bootstrap>", line 992, in _find_and_load_unlocked
  File "<frozen importlib._bootstrap>", line 241, in _call_with_frames_removed
  File "<frozen importlib._bootstrap>", line 1050, in _gcd_import
  File "<frozen importlib._bootstrap>", line 1027, in _find_and_load
  File "<frozen importlib._bootstrap>", line 1004, in _find_and_load_unlocked
ModuleNotFoundError: No module named 'events'
2 RLock(s) were not greened, to fix this error make sure you run eventlet.monkey_patch() before importing any other modules.
Traceback (most recent call last):
  File "/home/ankus/projects/projectx/venv/bin/celery", line 8, in <module>
    sys.exit(main())
  File "/home/ankus/projects/projectx/venv/lib/python3.10/site-packages/celery/__main__.py", line 15, in main
    sys.exit(_main())
  File "/home/ankus/projects/projectx/venv/lib/python3.10/site-packages/celery/bin/celery.py", line 236, in main
    return celery(auto_envvar_prefix="CELERY")
  File "/home/ankus/projects/projectx/venv/lib/python3.10/site-packages/click/core.py", line 1157, in __call__
    return self.main(*args, **kwargs)
  File "/home/ankus/projects/projectx/venv/lib/python3.10/site-packages/click/core.py", line 1078, in main
    rv = self.invoke(ctx)
  File "/home/ankus/projects/projectx/venv/lib/python3.10/site-packages/click/core.py", line 1688, in invoke
    return _process_result(sub_ctx.command.invoke(sub_ctx))
  File "/home/ankus/projects/projectx/venv/lib/python3.10/site-packages/click/core.py", line 1434, in invoke
    return ctx.invoke(self.callback, **ctx.params)
  File "/home/ankus/projects/projectx/venv/lib/python3.10/site-packages/click/core.py", line 783, in invoke
    return __callback(*args, **kwargs)
  File "/home/ankus/projects/projectx/venv/lib/python3.10/site-packages/click/decorators.py", line 33, in new_func
    return f(get_current_context(), *args, **kwargs)
  File "/home/ankus/projects/projectx/venv/lib/python3.10/site-packages/celery/bin/base.py", line 134, in caller
    return f(ctx, *args, **kwargs)
  File "/home/ankus/projects/projectx/venv/lib/python3.10/site-packages/celery/bin/worker.py", line 348, in worker
    worker = app.Worker(
  File "/home/ankus/projects/projectx/venv/lib/python3.10/site-packages/celery/worker/worker.py", line 93, in __init__
    self.app.loader.init_worker()
  File "/home/ankus/projects/projectx/venv/lib/python3.10/site-packages/celery/loaders/base.py", line 110, in init_worker
    self.import_default_modules()
  File "/home/ankus/projects/projectx/venv/lib/python3.10/site-packages/celery/loaders/base.py", line 104, in import_default_modules
    raise response
  File "/home/ankus/projects/projectx/venv/lib/python3.10/site-packages/celery/utils/dispatch/signal.py", line 276, in send
    response = receiver(signal=self, sender=sender, **named)
  File "/home/ankus/projects/projectx/venv/lib/python3.10/site-packages/celery/fixups/django.py", line 97, in on_import_modules
    self.worker_fixup.validate_models()
  File "/home/ankus/projects/projectx/venv/lib/python3.10/site-packages/celery/fixups/django.py", line 135, in validate_models
    self.django_setup()
  File "/home/ankus/projects/projectx/venv/lib/python3.10/site-packages/celery/fixups/django.py", line 131, in django_setup
    django.setup()
  File "/home/ankus/projects/projectx/venv/lib/python3.10/site-packages/django/__init__.py", line 24, in setup
    apps.populate(settings.INSTALLED_APPS)
  File "/home/ankus/projects/projectx/venv/lib/python3.10/site-packages/django/apps/registry.py", line 91, in populate
    app_config = AppConfig.create(entry)
  File "/home/ankus/projects/projectx/venv/lib/python3.10/site-packages/django/apps/config.py", line 178, in create
    mod = import_module(mod_path)
  File "/usr/lib/python3.10/importlib/__init__.py", line 126, in import_module
    return _bootstrap._gcd_import(name[level:], package, level)
  File "<frozen importlib._bootstrap>", line 1050, in _gcd_import
  File "<frozen importlib._bootstrap>", line 1027, in _find_and_load
  File "<frozen importlib._bootstrap>", line 992, in _find_and_load_unlocked
  File "<frozen importlib._bootstrap>", line 241, in _call_with_frames_removed
  File "<frozen importlib._bootstrap>", line 1050, in _gcd_import
  File "<frozen importlib._bootstrap>", line 1027, in _find_and_load
  File "<frozen importlib._bootstrap>", line 1004, in _find_and_load_unlocked
ModuleNotFoundError: No module named 'events'
2 RLock(s) were not greened, to fix this error make sure you run eventlet.monkey_patch() before importing any other modules.
Traceback (most recent call last):
  File "/home/ankus/projects/projectx/venv/bin/celery", line 8, in <module>
    sys.exit(main())
  File "/home/ankus/projects/projectx/venv/lib/python3.10/site-packages/celery/__main__.py", line 15, in main
    sys.exit(_main())
  File "/home/ankus/projects/projectx/venv/lib/python3.10/site-packages/celery/bin/celery.py", line 236, in main
    return celery(auto_envvar_prefix="CELERY")
  File "/home/ankus/projects/projectx/venv/lib/python3.10/site-packages/click/core.py", line 1157, in __call__
    return self.main(*args, **kwargs)
  File "/home/ankus/projects/projectx/venv/lib/python3.10/site-packages/click/core.py", line 1078, in main
    rv = self.invoke(ctx)
  File "/home/ankus/projects/projectx/venv/lib/python3.10/site-packages/click/core.py", line 1688, in invoke
    return _process_result(sub_ctx.command.invoke(sub_ctx))
  File "/home/ankus/projects/projectx/venv/lib/python3.10/site-packages/click/core.py", line 1434, in invoke
    return ctx.invoke(self.callback, **ctx.params)
  File "/home/ankus/projects/projectx/venv/lib/python3.10/site-packages/click/core.py", line 783, in invoke
    return __callback(*args, **kwargs)
  File "/home/ankus/projects/projectx/venv/lib/python3.10/site-packages/click/decorators.py", line 33, in new_func
    return f(get_current_context(), *args, **kwargs)
  File "/home/ankus/projects/projectx/venv/lib/python3.10/site-packages/celery/bin/base.py", line 134, in caller
    return f(ctx, *args, **kwargs)
  File "/home/ankus/projects/projectx/venv/lib/python3.10/site-packages/celery/bin/worker.py", line 348, in worker
    worker = app.Worker(
  File "/home/ankus/projects/projectx/venv/lib/python3.10/site-packages/celery/worker/worker.py", line 93, in __init__
    self.app.loader.init_worker()
  File "/home/ankus/projects/projectx/venv/lib/python3.10/site-packages/celery/loaders/base.py", line 110, in init_worker
    self.import_default_modules()
  File "/home/ankus/projects/projectx/venv/lib/python3.10/site-packages/celery/loaders/base.py", line 104, in import_default_modules
    raise response
  File "/home/ankus/projects/projectx/venv/lib/python3.10/site-packages/celery/utils/dispatch/signal.py", line 276, in send
    response = receiver(signal=self, sender=sender, **named)
  File "/home/ankus/projects/projectx/venv/lib/python3.10/site-packages/celery/fixups/django.py", line 97, in on_import_modules
    self.worker_fixup.validate_models()
  File "/home/ankus/projects/projectx/venv/lib/python3.10/site-packages/celery/fixups/django.py", line 135, in validate_models
    self.django_setup()
  File "/home/ankus/projects/projectx/venv/lib/python3.10/site-packages/celery/fixups/django.py", line 131, in django_setup
    django.setup()
  File "/home/ankus/projects/projectx/venv/lib/python3.10/site-packages/django/__init__.py", line 24, in setup
    apps.populate(settings.INSTALLED_APPS)
  File "/home/ankus/projects/projectx/venv/lib/python3.10/site-packages/django/apps/registry.py", line 91, in populate
    app_config = AppConfig.create(entry)
  File "/home/ankus/projects/projectx/venv/lib/python3.10/site-packages/django/apps/config.py", line 178, in create
    mod = import_module(mod_path)
  File "/usr/lib/python3.10/importlib/__init__.py", line 126, in import_module
    return _bootstrap._gcd_import(name[level:], package, level)
  File "<frozen importlib._bootstrap>", line 1050, in _gcd_import
  File "<frozen importlib._bootstrap>", line 1027, in _find_and_load
  File "<frozen importlib._bootstrap>", line 992, in _find_and_load_unlocked
  File "<frozen importlib._bootstrap>", line 241, in _call_with_frames_removed
  File "<frozen importlib._bootstrap>", line 1050, in _gcd_import
  File "<frozen importlib._bootstrap>", line 1027, in _find_and_load
  File "<frozen importlib._bootstrap>", line 1004, in _find_and_load_unlocked
ModuleNotFoundError: No module named 'events'
2 RLock(s) were not greened, to fix this error make sure you run eventlet.monkey_patch() before importing any other modules.
Traceback (most recent call last):
  File "/home/ankus/projects/projectx/venv/bin/celery", line 8, in <module>
    sys.exit(main())
  File "/home/ankus/projects/projectx/venv/lib/python3.10/site-packages/celery/__main__.py", line 15, in main
    sys.exit(_main())
  File "/home/ankus/projects/projectx/venv/lib/python3.10/site-packages/celery/bin/celery.py", line 236, in main
    return celery(auto_envvar_prefix="CELERY")
  File "/home/ankus/projects/projectx/venv/lib/python3.10/site-packages/click/core.py", line 1157, in __call__
    return self.main(*args, **kwargs)
  File "/home/ankus/projects/projectx/venv/lib/python3.10/site-packages/click/core.py", line 1078, in main
    rv = self.invoke(ctx)
  File "/home/ankus/projects/projectx/venv/lib/python3.10/site-packages/click/core.py", line 1688, in invoke
    return _process_result(sub_ctx.command.invoke(sub_ctx))
  File "/home/ankus/projects/projectx/venv/lib/python3.10/site-packages/click/core.py", line 1434, in invoke
    return ctx.invoke(self.callback, **ctx.params)
  File "/home/ankus/projects/projectx/venv/lib/python3.10/site-packages/click/core.py", line 783, in invoke
    return __callback(*args, **kwargs)
  File "/home/ankus/projects/projectx/venv/lib/python3.10/site-packages/click/decorators.py", line 33, in new_func
    return f(get_current_context(), *args, **kwargs)
  File "/home/ankus/projects/projectx/venv/lib/python3.10/site-packages/celery/bin/base.py", line 134, in caller
    return f(ctx, *args, **kwargs)
  File "/home/ankus/projects/projectx/venv/lib/python3.10/site-packages/celery/bin/worker.py", line 348, in worker
    worker = app.Worker(
  File "/home/ankus/projects/projectx/venv/lib/python3.10/site-packages/celery/worker/worker.py", line 93, in __init__
    self.app.loader.init_worker()
  File "/home/ankus/projects/projectx/venv/lib/python3.10/site-packages/celery/loaders/base.py", line 110, in init_worker
    self.import_default_modules()
  File "/home/ankus/projects/projectx/venv/lib/python3.10/site-packages/celery/loaders/base.py", line 104, in import_default_modules
    raise response
  File "/home/ankus/projects/projectx/venv/lib/python3.10/site-packages/celery/utils/dispatch/signal.py", line 276, in send
    response = receiver(signal=self, sender=sender, **named)
  File "/home/ankus/projects/projectx/venv/lib/python3.10/site-packages/celery/fixups/django.py", line 97, in on_import_modules
    self.worker_fixup.validate_models()
  File "/home/ankus/projects/projectx/venv/lib/python3.10/site-packages/celery/fixups/django.py", line 135, in validate_models
    self.django_setup()
  File "/home/ankus/projects/projectx/venv/lib/python3.10/site-packages/celery/fixups/django.py", line 131, in django_setup
    django.setup()
  File "/home/ankus/projects/projectx/venv/lib/python3.10/site-packages/django/__init__.py", line 24, in setup
    apps.populate(settings.INSTALLED_APPS)
  File "/home/ankus/projects/projectx/venv/lib/python3.10/site-packages/django/apps/registry.py", line 91, in populate
    app_config = AppConfig.create(entry)
  File "/home/ankus/projects/projectx/venv/lib/python3.10/site-packages/django/apps/config.py", line 178, in create
    mod = import_module(mod_path)
  File "/usr/lib/python3.10/importlib/__init__.py", line 126, in import_module
    return _bootstrap._gcd_import(name[level:], package, level)
  File "<frozen importlib._bootstrap>", line 1050, in _gcd_import
  File "<frozen importlib._bootstrap>", line 1027, in _find_and_load
  File "<frozen importlib._bootstrap>", line 992, in _find_and_load_unlocked
  File "<frozen importlib._bootstrap>", line 241, in _call_with_frames_removed
  File "<frozen importlib._bootstrap>", line 1050, in _gcd_import
  File "<frozen importlib._bootstrap>", line 1027, in _find_and_load
  File "<frozen importlib._bootstrap>", line 1004, in _find_and_load_unlocked
ModuleNotFoundError: No module named 'events'
2 RLock(s) were not greened, to fix this error make sure you run eventlet.monkey_patch() before importing any other modules.
Traceback (most recent call last):
  File "/home/ankus/projects/projectx/venv/bin/celery", line 8, in <module>
    sys.exit(main())
  File "/home/ankus/projects/projectx/venv/lib/python3.10/site-packages/celery/__main__.py", line 15, in main
    sys.exit(_main())
  File "/home/ankus/projects/projectx/venv/lib/python3.10/site-packages/celery/bin/celery.py", line 236, in main
    return celery(auto_envvar_prefix="CELERY")
  File "/home/ankus/projects/projectx/venv/lib/python3.10/site-packages/click/core.py", line 1157, in __call__
    return self.main(*args, **kwargs)
  File "/home/ankus/projects/projectx/venv/lib/python3.10/site-packages/click/core.py", line 1078, in main
    rv = self.invoke(ctx)
  File "/home/ankus/projects/projectx/venv/lib/python3.10/site-packages/click/core.py", line 1688, in invoke
    return _process_result(sub_ctx.command.invoke(sub_ctx))
  File "/home/ankus/projects/projectx/venv/lib/python3.10/site-packages/click/core.py", line 1434, in invoke
    return ctx.invoke(self.callback, **ctx.params)
  File "/home/ankus/projects/projectx/venv/lib/python3.10/site-packages/click/core.py", line 783, in invoke
    return __callback(*args, **kwargs)
  File "/home/ankus/projects/projectx/venv/lib/python3.10/site-packages/click/decorators.py", line 33, in new_func
    return f(get_current_context(), *args, **kwargs)
  File "/home/ankus/projects/projectx/venv/lib/python3.10/site-packages/celery/bin/base.py", line 134, in caller
    return f(ctx, *args, **kwargs)
  File "/home/ankus/projects/projectx/venv/lib/python3.10/site-packages/celery/bin/worker.py", line 348, in worker
    worker = app.Worker(
  File "/home/ankus/projects/projectx/venv/lib/python3.10/site-packages/celery/worker/worker.py", line 93, in __init__
    self.app.loader.init_worker()
  File "/home/ankus/projects/projectx/venv/lib/python3.10/site-packages/celery/loaders/base.py", line 110, in init_worker
    self.import_default_modules()
  File "/home/ankus/projects/projectx/venv/lib/python3.10/site-packages/celery/loaders/base.py", line 104, in import_default_modules
    raise response
  File "/home/ankus/projects/projectx/venv/lib/python3.10/site-packages/celery/utils/dispatch/signal.py", line 276, in send
    response = receiver(signal=self, sender=sender, **named)
  File "/home/ankus/projects/projectx/venv/lib/python3.10/site-packages/celery/fixups/django.py", line 97, in on_import_modules
    self.worker_fixup.validate_models()
  File "/home/ankus/projects/projectx/venv/lib/python3.10/site-packages/celery/fixups/django.py", line 135, in validate_models
    self.django_setup()
  File "/home/ankus/projects/projectx/venv/lib/python3.10/site-packages/celery/fixups/django.py", line 131, in django_setup
    django.setup()
  File "/home/ankus/projects/projectx/venv/lib/python3.10/site-packages/django/__init__.py", line 24, in setup
    apps.populate(settings.INSTALLED_APPS)
  File "/home/ankus/projects/projectx/venv/lib/python3.10/site-packages/django/apps/registry.py", line 91, in populate
    app_config = AppConfig.create(entry)
  File "/home/ankus/projects/projectx/venv/lib/python3.10/site-packages/django/apps/config.py", line 178, in create
    mod = import_module(mod_path)
  File "/usr/lib/python3.10/importlib/__init__.py", line 126, in import_module
    return _bootstrap._gcd_import(name[level:], package, level)
  File "<frozen importlib._bootstrap>", line 1050, in _gcd_import
  File "<frozen importlib._bootstrap>", line 1027, in _find_and_load
  File "<frozen importlib._bootstrap>", line 992, in _find_and_load_unlocked
  File "<frozen importlib._bootstrap>", line 241, in _call_with_frames_removed
  File "<frozen importlib._bootstrap>", line 1050, in _gcd_import
  File "<frozen importlib._bootstrap>", line 1027, in _find_and_load
  File "<frozen importlib._bootstrap>", line 1004, in _find_and_load_unlocked
ModuleNotFoundError: No module named 'events'
2 RLock(s) were not greened, to fix this error make sure you run eventlet.monkey_patch() before importing any other modules.
Traceback (most recent call last):
  File "/home/ankus/projects/projectx/venv/bin/celery", line 8, in <module>
    sys.exit(main())
  File "/home/ankus/projects/projectx/venv/lib/python3.10/site-packages/celery/__main__.py", line 15, in main
    sys.exit(_main())
  File "/home/ankus/projects/projectx/venv/lib/python3.10/site-packages/celery/bin/celery.py", line 236, in main
    return celery(auto_envvar_prefix="CELERY")
  File "/home/ankus/projects/projectx/venv/lib/python3.10/site-packages/click/core.py", line 1157, in __call__
    return self.main(*args, **kwargs)
  File "/home/ankus/projects/projectx/venv/lib/python3.10/site-packages/click/core.py", line 1078, in main
    rv = self.invoke(ctx)
  File "/home/ankus/projects/projectx/venv/lib/python3.10/site-packages/click/core.py", line 1688, in invoke
    return _process_result(sub_ctx.command.invoke(sub_ctx))
  File "/home/ankus/projects/projectx/venv/lib/python3.10/site-packages/click/core.py", line 1434, in invoke
    return ctx.invoke(self.callback, **ctx.params)
  File "/home/ankus/projects/projectx/venv/lib/python3.10/site-packages/click/core.py", line 783, in invoke
    return __callback(*args, **kwargs)
  File "/home/ankus/projects/projectx/venv/lib/python3.10/site-packages/click/decorators.py", line 33, in new_func
    return f(get_current_context(), *args, **kwargs)
  File "/home/ankus/projects/projectx/venv/lib/python3.10/site-packages/celery/bin/base.py", line 134, in caller
    return f(ctx, *args, **kwargs)
  File "/home/ankus/projects/projectx/venv/lib/python3.10/site-packages/celery/bin/worker.py", line 348, in worker
    worker = app.Worker(
  File "/home/ankus/projects/projectx/venv/lib/python3.10/site-packages/celery/worker/worker.py", line 93, in __init__
    self.app.loader.init_worker()
  File "/home/ankus/projects/projectx/venv/lib/python3.10/site-packages/celery/loaders/base.py", line 110, in init_worker
    self.import_default_modules()
  File "/home/ankus/projects/projectx/venv/lib/python3.10/site-packages/celery/loaders/base.py", line 104, in import_default_modules
    raise response
  File "/home/ankus/projects/projectx/venv/lib/python3.10/site-packages/celery/utils/dispatch/signal.py", line 276, in send
    response = receiver(signal=self, sender=sender, **named)
  File "/home/ankus/projects/projectx/venv/lib/python3.10/site-packages/celery/fixups/django.py", line 97, in on_import_modules
    self.worker_fixup.validate_models()
  File "/home/ankus/projects/projectx/venv/lib/python3.10/site-packages/celery/fixups/django.py", line 135, in validate_models
    self.django_setup()
  File "/home/ankus/projects/projectx/venv/lib/python3.10/site-packages/celery/fixups/django.py", line 131, in django_setup
    django.setup()
  File "/home/ankus/projects/projectx/venv/lib/python3.10/site-packages/django/__init__.py", line 24, in setup
    apps.populate(settings.INSTALLED_APPS)
  File "/home/ankus/projects/projectx/venv/lib/python3.10/site-packages/django/apps/registry.py", line 91, in populate
    app_config = AppConfig.create(entry)
  File "/home/ankus/projects/projectx/venv/lib/python3.10/site-packages/django/apps/config.py", line 178, in create
    mod = import_module(mod_path)
  File "/usr/lib/python3.10/importlib/__init__.py", line 126, in import_module
    return _bootstrap._gcd_import(name[level:], package, level)
  File "<frozen importlib._bootstrap>", line 1050, in _gcd_import
  File "<frozen importlib._bootstrap>", line 1027, in _find_and_load
  File "<frozen importlib._bootstrap>", line 992, in _find_and_load_unlocked
  File "<frozen importlib._bootstrap>", line 241, in _call_with_frames_removed
  File "<frozen importlib._bootstrap>", line 1050, in _gcd_import
  File "<frozen importlib._bootstrap>", line 1027, in _find_and_load
  File "<frozen importlib._bootstrap>", line 1004, in _find_and_load_unlocked
ModuleNotFoundError: No module named 'events'
2 RLock(s) were not greened, to fix this error make sure you run eventlet.monkey_patch() before importing any other modules.
Traceback (most recent call last):
  File "/home/ankus/projects/projectx/venv/bin/celery", line 8, in <module>
    sys.exit(main())
  File "/home/ankus/projects/projectx/venv/lib/python3.10/site-packages/celery/__main__.py", line 15, in main
    sys.exit(_main())
  File "/home/ankus/projects/projectx/venv/lib/python3.10/site-packages/celery/bin/celery.py", line 236, in main
    return celery(auto_envvar_prefix="CELERY")
  File "/home/ankus/projects/projectx/venv/lib/python3.10/site-packages/click/core.py", line 1157, in __call__
    return self.main(*args, **kwargs)
  File "/home/ankus/projects/projectx/venv/lib/python3.10/site-packages/click/core.py", line 1078, in main
    rv = self.invoke(ctx)
  File "/home/ankus/projects/projectx/venv/lib/python3.10/site-packages/click/core.py", line 1688, in invoke
    return _process_result(sub_ctx.command.invoke(sub_ctx))
  File "/home/ankus/projects/projectx/venv/lib/python3.10/site-packages/click/core.py", line 1434, in invoke
    return ctx.invoke(self.callback, **ctx.params)
  File "/home/ankus/projects/projectx/venv/lib/python3.10/site-packages/click/core.py", line 783, in invoke
    return __callback(*args, **kwargs)
  File "/home/ankus/projects/projectx/venv/lib/python3.10/site-packages/click/decorators.py", line 33, in new_func
    return f(get_current_context(), *args, **kwargs)
  File "/home/ankus/projects/projectx/venv/lib/python3.10/site-packages/celery/bin/base.py", line 134, in caller
    return f(ctx, *args, **kwargs)
  File "/home/ankus/projects/projectx/venv/lib/python3.10/site-packages/celery/bin/worker.py", line 348, in worker
    worker = app.Worker(
  File "/home/ankus/projects/projectx/venv/lib/python3.10/site-packages/celery/worker/worker.py", line 93, in __init__
    self.app.loader.init_worker()
  File "/home/ankus/projects/projectx/venv/lib/python3.10/site-packages/celery/loaders/base.py", line 110, in init_worker
    self.import_default_modules()
  File "/home/ankus/projects/projectx/venv/lib/python3.10/site-packages/celery/loaders/base.py", line 104, in import_default_modules
    raise response
  File "/home/ankus/projects/projectx/venv/lib/python3.10/site-packages/celery/utils/dispatch/signal.py", line 276, in send
    response = receiver(signal=self, sender=sender, **named)
  File "/home/ankus/projects/projectx/venv/lib/python3.10/site-packages/celery/fixups/django.py", line 97, in on_import_modules
    self.worker_fixup.validate_models()
  File "/home/ankus/projects/projectx/venv/lib/python3.10/site-packages/celery/fixups/django.py", line 135, in validate_models
    self.django_setup()
  File "/home/ankus/projects/projectx/venv/lib/python3.10/site-packages/celery/fixups/django.py", line 131, in django_setup
    django.setup()
  File "/home/ankus/projects/projectx/venv/lib/python3.10/site-packages/django/__init__.py", line 24, in setup
    apps.populate(settings.INSTALLED_APPS)
  File "/home/ankus/projects/projectx/venv/lib/python3.10/site-packages/django/apps/registry.py", line 91, in populate
    app_config = AppConfig.create(entry)
  File "/home/ankus/projects/projectx/venv/lib/python3.10/site-packages/django/apps/config.py", line 178, in create
    mod = import_module(mod_path)
  File "/usr/lib/python3.10/importlib/__init__.py", line 126, in import_module
    return _bootstrap._gcd_import(name[level:], package, level)
  File "<frozen importlib._bootstrap>", line 1050, in _gcd_import
  File "<frozen importlib._bootstrap>", line 1027, in _find_and_load
  File "<frozen importlib._bootstrap>", line 992, in _find_and_load_unlocked
  File "<frozen importlib._bootstrap>", line 241, in _call_with_frames_removed
  File "<frozen importlib._bootstrap>", line 1050, in _gcd_import
  File "<frozen importlib._bootstrap>", line 1027, in _find_and_load
  File "<frozen importlib._bootstrap>", line 1004, in _find_and_load_unlocked
ModuleNotFoundError: No module named 'events'
2 RLock(s) were not greened, to fix this error make sure you run eventlet.monkey_patch() before importing any other modules.
Traceback (most recent call last):
  File "/home/ankus/projects/projectx/venv/bin/celery", line 8, in <module>
    sys.exit(main())
  File "/home/ankus/projects/projectx/venv/lib/python3.10/site-packages/celery/__main__.py", line 15, in main
    sys.exit(_main())
  File "/home/ankus/projects/projectx/venv/lib/python3.10/site-packages/celery/bin/celery.py", line 236, in main
    return celery(auto_envvar_prefix="CELERY")
  File "/home/ankus/projects/projectx/venv/lib/python3.10/site-packages/click/core.py", line 1157, in __call__
    return self.main(*args, **kwargs)
  File "/home/ankus/projects/projectx/venv/lib/python3.10/site-packages/click/core.py", line 1078, in main
    rv = self.invoke(ctx)
  File "/home/ankus/projects/projectx/venv/lib/python3.10/site-packages/click/core.py", line 1688, in invoke
    return _process_result(sub_ctx.command.invoke(sub_ctx))
  File "/home/ankus/projects/projectx/venv/lib/python3.10/site-packages/click/core.py", line 1434, in invoke
    return ctx.invoke(self.callback, **ctx.params)
  File "/home/ankus/projects/projectx/venv/lib/python3.10/site-packages/click/core.py", line 783, in invoke
    return __callback(*args, **kwargs)
  File "/home/ankus/projects/projectx/venv/lib/python3.10/site-packages/click/decorators.py", line 33, in new_func
    return f(get_current_context(), *args, **kwargs)
  File "/home/ankus/projects/projectx/venv/lib/python3.10/site-packages/celery/bin/base.py", line 134, in caller
    return f(ctx, *args, **kwargs)
  File "/home/ankus/projects/projectx/venv/lib/python3.10/site-packages/celery/bin/worker.py", line 348, in worker
    worker = app.Worker(
  File "/home/ankus/projects/projectx/venv/lib/python3.10/site-packages/celery/worker/worker.py", line 93, in __init__
    self.app.loader.init_worker()
  File "/home/ankus/projects/projectx/venv/lib/python3.10/site-packages/celery/loaders/base.py", line 110, in init_worker
    self.import_default_modules()
  File "/home/ankus/projects/projectx/venv/lib/python3.10/site-packages/celery/loaders/base.py", line 104, in import_default_modules
    raise response
  File "/home/ankus/projects/projectx/venv/lib/python3.10/site-packages/celery/utils/dispatch/signal.py", line 276, in send
    response = receiver(signal=self, sender=sender, **named)
  File "/home/ankus/projects/projectx/venv/lib/python3.10/site-packages/celery/fixups/django.py", line 97, in on_import_modules
    self.worker_fixup.validate_models()
  File "/home/ankus/projects/projectx/venv/lib/python3.10/site-packages/celery/fixups/django.py", line 135, in validate_models
    self.django_setup()
  File "/home/ankus/projects/projectx/venv/lib/python3.10/site-packages/celery/fixups/django.py", line 131, in django_setup
    django.setup()
  File "/home/ankus/projects/projectx/venv/lib/python3.10/site-packages/django/__init__.py", line 24, in setup
    apps.populate(settings.INSTALLED_APPS)
  File "/home/ankus/projects/projectx/venv/lib/python3.10/site-packages/django/apps/registry.py", line 91, in populate
    app_config = AppConfig.create(entry)
  File "/home/ankus/projects/projectx/venv/lib/python3.10/site-packages/django/apps/config.py", line 178, in create
    mod = import_module(mod_path)
  File "/usr/lib/python3.10/importlib/__init__.py", line 126, in import_module
    return _bootstrap._gcd_import(name[level:], package, level)
  File "<frozen importlib._bootstrap>", line 1050, in _gcd_import
  File "<frozen importlib._bootstrap>", line 1027, in _find_and_load
  File "<frozen importlib._bootstrap>", line 992, in _find_and_load_unlocked
  File "<frozen importlib._bootstrap>", line 241, in _call_with_frames_removed
  File "<frozen importlib._bootstrap>", line 1050, in _gcd_import
  File "<frozen importlib._bootstrap>", line 1027, in _find_and_load
  File "<frozen importlib._bootstrap>", line 1004, in _find_and_load_unlocked
ModuleNotFoundError: No module named 'events'
